{"level":"info","message":"Connection created","timestamp":"2024-01-30T08:12:22.358Z"}
{"level":"info","message":"Query is SELECT * FROM  `ParameterColln` WHERE date = ? and parameters are 2024-01-30","timestamp":"2024-01-30T08:12:22.442Z"}
{"level":"info","message":"Connection created","timestamp":"2024-01-30T08:13:06.812Z"}
{"level":"info","message":"Query is SELECT * FROM  `ParameterColln` WHERE date = ? and parameters are 2024-01-30","timestamp":"2024-01-30T08:13:06.906Z"}
{"level":"info","message":"Connection Closed","timestamp":"2024-01-30T08:13:06.907Z"}
{"level":"info","message":"Emitting dataUpdate event to clients","timestamp":"2024-01-30T08:13:06.907Z"}
{"level":"info","message":"Connection created","timestamp":"2024-01-30T08:13:07.038Z"}
{"level":"info","message":"Query is SELECT * FROM  `ParameterColln` WHERE date = ? and parameters are 2024-01-30","timestamp":"2024-01-30T08:13:07.131Z"}
{"level":"info","message":"Connection Closed","timestamp":"2024-01-30T08:13:07.133Z"}
{"level":"info","message":"Emitting dataUpdate event to clients","timestamp":"2024-01-30T08:13:07.134Z"}
{"level":"info","message":"Emitting dataUpdate event to clients","timestamp":"2024-01-30T08:22:19.851Z"}
{"level":"info","message":"Emitting dataUpdate event to clients","timestamp":"2024-01-30T08:22:20.093Z"}
{"level":"info","message":"Emitting dataUpdate event to clients","timestamp":"2024-01-30T08:22:21.530Z"}
{"level":"info","message":"Emitting dataUpdate event to clients","timestamp":"2024-01-30T09:44:21.106Z"}
{"level":"info","message":"Emitting dataUpdate event to clients","timestamp":"2024-01-30T09:44:25.297Z"}
{"level":"info","message":"Emitting dataUpdate event to clients","timestamp":"2024-01-30T09:44:29.279Z"}
{"level":"info","message":"Emitting dataUpdate event to clients","timestamp":"2024-01-30T09:44:35.187Z"}
{"level":"info","message":"Emitting dataUpdate event to clients","timestamp":"2024-01-30T09:44:35.417Z"}
{"level":"info","message":"Emitting dataUpdate event to clients","timestamp":"2024-01-30T09:45:01.209Z"}
{"level":"info","message":"Emitting dataUpdate event to clients","timestamp":"2024-01-30T10:16:27.265Z"}
{"level":"info","message":"Emitting dataUpdate event to clients","timestamp":"2024-01-30T10:42:57.666Z"}
{"level":"info","message":"Emitting dataUpdate event to clients","timestamp":"2024-01-30T10:44:17.658Z"}
{"level":"info","message":"Emitting dataUpdate event to clients","timestamp":"2024-01-30T11:02:40.121Z"}
{"level":"info","message":"Emitting dataUpdate event to clients","timestamp":"2024-01-31T05:01:34.479Z"}
{"level":"info","message":"Emitting dataUpdate event to clients","timestamp":"2024-01-31T05:01:38.490Z"}
{"level":"info","message":"Emitting dataUpdate event to clients","timestamp":"2024-01-31T05:01:42.394Z"}
{"level":"info","message":"Emitting dataUpdate event to clients","timestamp":"2024-01-31T05:01:45.989Z"}
{"level":"info","message":"Emitting dataUpdate event to clients","timestamp":"2024-01-31T05:01:46.317Z"}
{"level":"info","message":"Emitting dataUpdate event to clients","timestamp":"2024-01-31T05:01:54.360Z"}
{"level":"info","message":"Emitting dataUpdate event to clients","timestamp":"2024-01-31T05:01:56.593Z"}
{"level":"info","message":"Emitting dataUpdate event to clients","timestamp":"2024-01-31T05:12:25.500Z"}
{"level":"info","message":"Emitting dataUpdate event to clients","timestamp":"2024-01-31T05:24:10.058Z"}
{"level":"info","message":"Emitting dataUpdate event to clients","timestamp":"2024-01-31T05:24:16.108Z"}
{"level":"info","message":"Emitting dataUpdate event to clients","timestamp":"2024-01-31T05:24:21.088Z"}
{"level":"info","message":"Emitting dataUpdate event to clients","timestamp":"2024-01-31T05:24:22.197Z"}
{"level":"info","message":"Emitting dataUpdate event to clients","timestamp":"2024-01-31T05:24:27.367Z"}
{"level":"info","message":"Emitting dataUpdate event to clients","timestamp":"2024-01-31T05:24:43.044Z"}
{"level":"info","message":"Emitting dataUpdate event to clients","timestamp":"2024-01-31T05:47:07.808Z"}
{"level":"info","message":"Emitting dataUpdate event to clients","timestamp":"2024-01-31T05:57:48.508Z"}
{"level":"info","message":"Emitting dataUpdate event to clients","timestamp":"2024-01-31T05:59:56.006Z"}
{"level":"info","message":"Emitting dataUpdate event to clients","timestamp":"2024-01-31T06:01:01.698Z"}
{"level":"info","message":"Emitting dataUpdate event to clients","timestamp":"2024-01-31T06:02:26.558Z"}
{"level":"info","message":"Emitting dataUpdate event to clients","timestamp":"2024-01-31T06:03:53.997Z"}
{"level":"info","message":"Emitting dataUpdate event to clients","timestamp":"2024-01-31T06:08:26.726Z"}
{"level":"info","message":"Emitting dataUpdate event to clients","timestamp":"2024-01-31T06:08:29.057Z"}
{"level":"info","message":"Emitting dataUpdate event to clients","timestamp":"2024-01-31T06:11:22.690Z"}
{"level":"info","message":"Emitting dataUpdate event to clients","timestamp":"2024-01-31T06:21:41.524Z"}
{"level":"info","message":"Emitting dataUpdate event to clients","timestamp":"2024-01-31T06:24:15.407Z"}
{"level":"info","message":"Emitting dataUpdate event to clients","timestamp":"2024-01-31T06:26:59.933Z"}
{"level":"info","message":"Emitting dataUpdate event to clients","timestamp":"2024-01-31T06:28:59.589Z"}
{"level":"info","message":"Emitting dataUpdate event to clients","timestamp":"2024-01-31T06:33:46.633Z"}
{"level":"info","message":"Emitting dataUpdate event to clients","timestamp":"2024-01-31T06:39:38.213Z"}
{"level":"info","message":"Emitting dataUpdate event to clients","timestamp":"2024-01-31T06:42:55.819Z"}
{"level":"info","message":"Emitting dataUpdate event to clients","timestamp":"2024-01-31T06:50:51.684Z"}
{"level":"info","message":"Emitting dataUpdate event to clients","timestamp":"2024-01-31T06:50:56.231Z"}
{"level":"info","message":"Emitting dataUpdate event to clients","timestamp":"2024-01-31T06:51:03.481Z"}
{"level":"info","message":"Emitting dataUpdate event to clients","timestamp":"2024-01-31T06:51:04.128Z"}
{"level":"info","message":"Emitting dataUpdate event to clients","timestamp":"2024-01-31T07:05:12.215Z"}
{"level":"info","message":"Emitting dataUpdate event to clients","timestamp":"2024-01-31T07:05:14.675Z"}
{"level":"info","message":"Emitting dataUpdate event to clients","timestamp":"2024-01-31T07:05:17.515Z"}
{"level":"info","message":"Emitting dataUpdate event to clients","timestamp":"2024-01-31T07:05:23.562Z"}
{"level":"info","message":"Emitting dataUpdate event to clients","timestamp":"2024-01-31T07:29:47.210Z"}
{"level":"info","message":"Emitting dataUpdate event to clients","timestamp":"2024-01-31T07:30:51.252Z"}
{"level":"info","message":"Emitting dataUpdate event to clients","timestamp":"2024-01-31T07:31:04.331Z"}
{"level":"info","message":"Emitting dataUpdate event to clients","timestamp":"2024-01-31T07:53:29.399Z"}
{"level":"info","message":"Emitting dataUpdate event to clients","timestamp":"2024-01-31T08:05:30.431Z"}
{"level":"info","message":"Emitting dataUpdate event to clients","timestamp":"2024-01-31T08:12:53.473Z"}
{"level":"info","message":"Emitting dataUpdate event to clients","timestamp":"2024-01-31T08:13:04.147Z"}
{"level":"info","message":"Emitting dataUpdate event to clients","timestamp":"2024-01-31T08:13:10.356Z"}
{"level":"info","message":"Emitting dataUpdate event to clients","timestamp":"2024-01-31T08:20:49.947Z"}
{"level":"info","message":"Emitting dataUpdate event to clients","timestamp":"2024-01-31T08:22:29.925Z"}
{"level":"info","message":"Emitting dataUpdate event to clients","timestamp":"2024-01-31T08:23:45.502Z"}
{"level":"info","message":"Emitting dataUpdate event to clients","timestamp":"2024-01-31T09:37:16.727Z"}
{"level":"info","message":"Emitting dataUpdate event to clients","timestamp":"2024-01-31T09:37:18.597Z"}
{"level":"info","message":"Emitting dataUpdate event to clients","timestamp":"2024-01-31T09:39:54.855Z"}
{"level":"info","message":"Emitting dataUpdate event to clients","timestamp":"2024-01-31T09:43:38.325Z"}
{"level":"info","message":"Emitting dataUpdate event to clients","timestamp":"2024-01-31T09:46:00.015Z"}
{"level":"info","message":"Emitting dataUpdate event to clients","timestamp":"2024-01-31T09:47:55.506Z"}
{"level":"info","message":"Emitting dataUpdate event to clients","timestamp":"2024-01-31T09:48:00.448Z"}
{"level":"info","message":"Emitting dataUpdate event to clients","timestamp":"2024-01-31T09:48:06.079Z"}
{"level":"info","message":"Emitting dataUpdate event to clients","timestamp":"2024-01-31T09:56:23.508Z"}
{"level":"info","message":"Emitting dataUpdate event to clients","timestamp":"2024-01-31T09:58:10.285Z"}
{"level":"info","message":"Emitting dataUpdate event to clients","timestamp":"2024-01-31T09:59:04.856Z"}
{"level":"info","message":"Emitting dataUpdate event to clients","timestamp":"2024-01-31T10:04:43.850Z"}
{"level":"info","message":"Emitting dataUpdate event to clients","timestamp":"2024-01-31T10:06:41.080Z"}
{"level":"info","message":"Emitting dataUpdate event to clients","timestamp":"2024-01-31T10:07:50.435Z"}
{"level":"info","message":"Emitting dataUpdate event to clients","timestamp":"2024-01-31T10:14:33.065Z"}
{"level":"info","message":"Emitting dataUpdate event to clients","timestamp":"2024-01-31T10:15:01.048Z"}
{"level":"info","message":"Emitting dataUpdate event to clients","timestamp":"2024-01-31T10:16:40.198Z"}
{"level":"info","message":"Emitting dataUpdate event to clients","timestamp":"2024-01-31T10:16:44.427Z"}
{"level":"info","message":"Emitting dataUpdate event to clients","timestamp":"2024-01-31T10:24:48.610Z"}
{"level":"info","message":"Emitting dataUpdate event to clients","timestamp":"2024-01-31T10:24:52.992Z"}
{"level":"info","message":"Emitting dataUpdate event to clients","timestamp":"2024-01-31T10:24:54.226Z"}
{"level":"info","message":"Emitting dataUpdate event to clients","timestamp":"2024-01-31T10:24:55.695Z"}
{"level":"info","message":"Emitting dataUpdate event to clients","timestamp":"2024-01-31T10:24:55.939Z"}
{"level":"info","message":"Emitting dataUpdate event to clients","timestamp":"2024-01-31T10:24:56.554Z"}
{"level":"info","message":"Emitting dataUpdate event to clients","timestamp":"2024-01-31T10:24:57.300Z"}
{"level":"info","message":"Emitting dataUpdate event to clients","timestamp":"2024-01-31T10:25:53.401Z"}
{"level":"info","message":"Emitting dataUpdate event to clients","timestamp":"2024-01-31T10:25:59.260Z"}
{"level":"info","message":"Emitting dataUpdate event to clients","timestamp":"2024-01-31T10:26:37.484Z"}
{"level":"info","message":"Emitting dataUpdate event to clients","timestamp":"2024-01-31T10:26:53.587Z"}
{"level":"info","message":"Emitting dataUpdate event to clients","timestamp":"2024-01-31T10:33:47.651Z"}
{"level":"info","message":"Emitting dataUpdate event to clients","timestamp":"2024-01-31T10:39:05.664Z"}
{"level":"info","message":"Emitting dataUpdate event to clients","timestamp":"2024-01-31T10:42:03.162Z"}
{"level":"info","message":"Emitting dataUpdate event to clients","timestamp":"2024-01-31T10:43:08.551Z"}
{"level":"info","message":"Emitting dataUpdate event to clients","timestamp":"2024-01-31T10:46:12.882Z"}
{"level":"info","message":"Emitting dataUpdate event to clients","timestamp":"2024-01-31T10:48:20.014Z"}
{"level":"info","message":"Emitting dataUpdate event to clients","timestamp":"2024-01-31T10:49:52.044Z"}
{"level":"info","message":"Emitting dataUpdate event to clients","timestamp":"2024-01-31T10:51:46.860Z"}
{"level":"info","message":"Emitting dataUpdate event to clients","timestamp":"2024-01-31T10:53:28.655Z"}
{"level":"info","message":"Emitting dataUpdate event to clients","timestamp":"2024-01-31T10:56:33.029Z"}
{"level":"info","message":"Emitting dataUpdate event to clients","timestamp":"2024-01-31T10:58:10.670Z"}
{"level":"info","message":"Emitting dataUpdate event to clients","timestamp":"2024-01-31T11:00:09.258Z"}
{"level":"info","message":"Emitting dataUpdate event to clients","timestamp":"2024-01-31T11:02:19.521Z"}
{"level":"info","message":"Emitting dataUpdate event to clients","timestamp":"2024-01-31T11:05:40.343Z"}
{"level":"info","message":"Emitting dataUpdate event to clients","timestamp":"2024-01-31T11:05:42.831Z"}
{"level":"info","message":"Emitting dataUpdate event to clients","timestamp":"2024-01-31T11:05:47.739Z"}
{"level":"info","message":"Emitting dataUpdate event to clients","timestamp":"2024-01-31T11:12:10.584Z"}
{"level":"info","message":"Emitting dataUpdate event to clients","timestamp":"2024-01-31T11:12:22.428Z"}
{"level":"info","message":"Emitting dataUpdate event to clients","timestamp":"2024-01-31T11:12:26.938Z"}
{"level":"info","message":"Emitting dataUpdate event to clients","timestamp":"2024-01-31T11:12:41.582Z"}
{"level":"info","message":"Emitting dataUpdate event to clients","timestamp":"2024-01-31T11:13:07.614Z"}
{"level":"info","message":"Emitting dataUpdate event to clients","timestamp":"2024-01-31T11:13:33.327Z"}
{"level":"info","message":"Emitting dataUpdate event to clients","timestamp":"2024-01-31T11:13:37.039Z"}
{"level":"info","message":"Emitting dataUpdate event to clients","timestamp":"2024-01-31T11:13:43.002Z"}
{"level":"info","message":"Emitting dataUpdate event to clients","timestamp":"2024-01-31T11:13:43.232Z"}
{"level":"info","message":"Emitting dataUpdate event to clients","timestamp":"2024-01-31T11:14:09.952Z"}
{"level":"info","message":"Emitting dataUpdate event to clients","timestamp":"2024-01-31T11:14:16.111Z"}
{"level":"info","message":"Emitting dataUpdate event to clients","timestamp":"2024-01-31T11:14:20.923Z"}
{"level":"info","message":"Emitting dataUpdate event to clients","timestamp":"2024-01-31T11:14:30.093Z"}
{"level":"info","message":"Emitting dataUpdate event to clients","timestamp":"2024-01-31T11:14:33.062Z"}
{"level":"info","message":"Emitting dataUpdate event to clients","timestamp":"2024-01-31T11:21:53.203Z"}
{"level":"info","message":"Emitting dataUpdate event to clients","timestamp":"2024-01-31T11:22:10.326Z"}
{"level":"info","message":"Emitting dataUpdate event to clients","timestamp":"2024-01-31T11:22:15.228Z"}
{"level":"info","message":"Emitting dataUpdate event to clients","timestamp":"2024-01-31T11:22:20.527Z"}
{"level":"info","message":"Emitting dataUpdate event to clients","timestamp":"2024-01-31T11:22:23.811Z"}
{"level":"info","message":"Emitting dataUpdate event to clients","timestamp":"2024-01-31T11:22:28.631Z"}
{"level":"info","message":"Emitting dataUpdate event to clients","timestamp":"2024-01-31T11:22:31.211Z"}
{"level":"info","message":"Emitting dataUpdate event to clients","timestamp":"2024-01-31T11:23:54.903Z"}
{"level":"info","message":"Emitting dataUpdate event to clients","timestamp":"2024-01-31T11:30:36.512Z"}
{"level":"info","message":"Emitting dataUpdate event to clients","timestamp":"2024-01-31T11:33:44.619Z"}
{"level":"info","message":"Emitting dataUpdate event to clients","timestamp":"2024-01-31T11:58:46.628Z"}
{"level":"info","message":"Emitting dataUpdate event to clients","timestamp":"2024-01-31T12:00:36.477Z"}
{"level":"info","message":"Emitting dataUpdate event to clients","timestamp":"2024-01-31T12:01:38.634Z"}
{"level":"info","message":"Emitting dataUpdate event to clients","timestamp":"2024-01-31T12:24:04.536Z"}
{"level":"info","message":"Emitting dataUpdate event to clients","timestamp":"2024-01-31T12:28:41.532Z"}
{"level":"info","message":"Emitting dataUpdate event to clients","timestamp":"2024-01-31T12:28:54.249Z"}
{"level":"info","message":"Emitting dataUpdate event to clients","timestamp":"2024-01-31T12:28:58.073Z"}
{"level":"info","message":"Emitting dataUpdate event to clients","timestamp":"2024-01-31T12:28:59.784Z"}
{"level":"info","message":"Emitting dataUpdate event to clients","timestamp":"2024-01-31T12:29:05.482Z"}
{"level":"info","message":"Emitting dataUpdate event to clients","timestamp":"2024-01-31T12:29:07.473Z"}
{"level":"info","message":"Emitting dataUpdate event to clients","timestamp":"2024-01-31T12:29:07.696Z"}
{"level":"info","message":"Emitting dataUpdate event to clients","timestamp":"2024-01-31T12:47:54.003Z"}
{"level":"info","message":"Emitting dataUpdate event to clients","timestamp":"2024-01-31T12:47:54.249Z"}
{"level":"info","message":"Emitting dataUpdate event to clients","timestamp":"2024-01-31T13:10:26.671Z"}
{"level":"info","message":"Emitting dataUpdate event to clients","timestamp":"2024-01-31T13:10:27.168Z"}
{"level":"info","message":"Emitting dataUpdate event to clients","timestamp":"2024-01-31T13:10:43.188Z"}
{"level":"info","message":"Emitting dataUpdate event to clients","timestamp":"2024-01-31T13:10:43.480Z"}
{"level":"info","message":"Emitting dataUpdate event to clients","timestamp":"2024-02-01T04:43:04.247Z"}
{"level":"info","message":"Emitting dataUpdate event to clients","timestamp":"2024-02-01T04:43:20.592Z"}
{"level":"info","message":"Emitting dataUpdate event to clients","timestamp":"2024-02-01T04:43:25.533Z"}
{"level":"info","message":"Emitting dataUpdate event to clients","timestamp":"2024-02-01T04:43:29.912Z"}
{"level":"info","message":"Emitting dataUpdate event to clients","timestamp":"2024-02-01T04:43:38.682Z"}
{"level":"info","message":"Emitting dataUpdate event to clients","timestamp":"2024-02-01T04:43:43.827Z"}
{"level":"info","message":"Emitting dataUpdate event to clients","timestamp":"2024-02-01T04:43:44.108Z"}
{"level":"info","message":"Emitting dataUpdate event to clients","timestamp":"2024-02-01T04:44:07.928Z"}
{"level":"info","message":"Emitting dataUpdate event to clients","timestamp":"2024-02-01T04:48:35.359Z"}
{"level":"info","message":"Emitting dataUpdate event to clients","timestamp":"2024-02-01T04:49:53.437Z"}
{"level":"info","message":"Emitting dataUpdate event to clients","timestamp":"2024-02-01T04:50:43.829Z"}
{"level":"info","message":"Emitting dataUpdate event to clients","timestamp":"2024-02-01T04:51:53.370Z"}
{"level":"info","message":"Emitting dataUpdate event to clients","timestamp":"2024-02-01T04:51:59.619Z"}
{"level":"info","message":"Emitting dataUpdate event to clients","timestamp":"2024-02-01T04:51:59.859Z"}
{"level":"info","message":"Emitting dataUpdate event to clients","timestamp":"2024-02-01T05:15:44.764Z"}
{"level":"info","message":"Emitting dataUpdate event to clients","timestamp":"2024-02-01T05:15:44.974Z"}
{"level":"info","message":"Emitting dataUpdate event to clients","timestamp":"2024-02-01T05:15:51.403Z"}
{"level":"info","message":"Emitting dataUpdate event to clients","timestamp":"2024-02-01T05:16:04.568Z"}
{"level":"info","message":"Emitting dataUpdate event to clients","timestamp":"2024-02-01T05:16:34.658Z"}
{"level":"info","message":"Emitting dataUpdate event to clients","timestamp":"2024-02-01T05:16:38.909Z"}
{"level":"info","message":"Emitting dataUpdate event to clients","timestamp":"2024-02-01T05:18:44.838Z"}
{"level":"info","message":"Emitting dataUpdate event to clients","timestamp":"2024-02-01T05:18:50.571Z"}
{"level":"info","message":"Emitting dataUpdate event to clients","timestamp":"2024-02-01T05:19:07.676Z"}
{"level":"info","message":"Emitting dataUpdate event to clients","timestamp":"2024-02-01T05:19:13.501Z"}
{"level":"info","message":"Emitting dataUpdate event to clients","timestamp":"2024-02-01T05:19:18.877Z"}
{"level":"info","message":"Emitting dataUpdate event to clients","timestamp":"2024-02-01T05:19:52.012Z"}
{"level":"info","message":"Emitting dataUpdate event to clients","timestamp":"2024-02-01T05:22:54.957Z"}
{"level":"info","message":"Emitting dataUpdate event to clients","timestamp":"2024-02-01T05:22:55.418Z"}
{"level":"info","message":"Emitting dataUpdate event to clients","timestamp":"2024-02-01T06:08:51.720Z"}
{"level":"info","message":"Emitting dataUpdate event to clients","timestamp":"2024-02-01T06:11:12.847Z"}
{"level":"info","message":"Emitting dataUpdate event to clients","timestamp":"2024-02-01T06:11:16.136Z"}
{"level":"info","message":"Emitting dataUpdate event to clients","timestamp":"2024-02-01T06:11:27.495Z"}
{"level":"info","message":"Emitting dataUpdate event to clients","timestamp":"2024-02-01T06:37:29.373Z"}
{"level":"info","message":"Emitting dataUpdate event to clients","timestamp":"2024-02-01T06:37:30.582Z"}
{"level":"info","message":"Emitting dataUpdate event to clients","timestamp":"2024-02-01T06:50:42.739Z"}
{"level":"info","message":"Emitting dataUpdate event to clients","timestamp":"2024-02-01T06:56:38.269Z"}
{"level":"info","message":"Emitting dataUpdate event to clients","timestamp":"2024-02-01T06:56:38.506Z"}
{"level":"info","message":"Emitting dataUpdate event to clients","timestamp":"2024-02-01T06:59:31.915Z"}
{"level":"info","message":"Emitting dataUpdate event to clients","timestamp":"2024-02-01T06:59:32.168Z"}
{"level":"info","message":"Emitting dataUpdate event to clients","timestamp":"2024-02-01T06:59:42.165Z"}
{"level":"info","message":"Emitting dataUpdate event to clients","timestamp":"2024-02-01T06:59:52.117Z"}
{"level":"info","message":"Emitting dataUpdate event to clients","timestamp":"2024-02-01T07:55:38.535Z"}
{"level":"info","message":"Emitting dataUpdate event to clients","timestamp":"2024-02-01T07:55:38.789Z"}
{"level":"info","message":"Emitting dataUpdate event to clients","timestamp":"2024-02-01T07:55:40.016Z"}
{"level":"info","message":"Emitting dataUpdate event to clients","timestamp":"2024-02-01T07:55:45.921Z"}
{"level":"info","message":"Emitting dataUpdate event to clients","timestamp":"2024-02-01T07:55:48.265Z"}
{"level":"info","message":"Emitting dataUpdate event to clients","timestamp":"2024-02-01T07:55:54.822Z"}
{"level":"info","message":"Emitting dataUpdate event to clients","timestamp":"2024-02-01T07:55:56.258Z"}
{"level":"info","message":"Emitting dataUpdate event to clients","timestamp":"2024-02-01T07:56:05.345Z"}
{"level":"info","message":"Emitting dataUpdate event to clients","timestamp":"2024-02-01T07:56:07.407Z"}
{"level":"info","message":"Emitting dataUpdate event to clients","timestamp":"2024-02-01T07:56:07.718Z"}
{"level":"info","message":"Emitting dataUpdate event to clients","timestamp":"2024-02-01T08:21:23.146Z"}
{"level":"info","message":"Emitting dataUpdate event to clients","timestamp":"2024-02-01T08:21:34.554Z"}
{"level":"info","message":"Emitting dataUpdate event to clients","timestamp":"2024-02-01T08:21:36.512Z"}
{"level":"info","message":"Emitting dataUpdate event to clients","timestamp":"2024-02-01T08:21:46.739Z"}
{"level":"info","message":"Emitting dataUpdate event to clients","timestamp":"2024-02-01T08:21:50.264Z"}
{"level":"info","message":"Emitting dataUpdate event to clients","timestamp":"2024-02-01T08:21:59.793Z"}
{"level":"info","message":"Emitting dataUpdate event to clients","timestamp":"2024-02-01T08:25:52.801Z"}
{"level":"info","message":"Emitting dataUpdate event to clients","timestamp":"2024-02-01T09:43:44.702Z"}
{"level":"info","message":"Emitting dataUpdate event to clients","timestamp":"2024-02-01T09:43:59.614Z"}
{"level":"info","message":"Emitting dataUpdate event to clients","timestamp":"2024-02-01T12:15:32.627Z"}
{"level":"info","message":"Emitting dataUpdate event to clients","timestamp":"2024-02-01T12:15:32.899Z"}
{"level":"info","message":"Emitting dataUpdate event to clients","timestamp":"2024-02-01T12:15:36.733Z"}
{"level":"info","message":"Emitting dataUpdate event to clients","timestamp":"2024-02-01T12:15:37.053Z"}
{"level":"info","message":"Emitting dataUpdate event to clients","timestamp":"2024-02-01T12:17:39.070Z"}
{"level":"info","message":"Emitting dataUpdate event to clients","timestamp":"2024-02-01T12:17:40.623Z"}
{"level":"info","message":"Emitting dataUpdate event to clients","timestamp":"2024-02-01T12:17:50.352Z"}
{"level":"info","message":"Emitting dataUpdate event to clients","timestamp":"2024-02-02T04:44:09.010Z"}
{"level":"info","message":"Emitting dataUpdate event to clients","timestamp":"2024-02-02T04:44:20.249Z"}
{"level":"info","message":"Emitting dataUpdate event to clients","timestamp":"2024-02-02T05:38:01.951Z"}
{"level":"info","message":"Emitting dataUpdate event to clients","timestamp":"2024-02-02T08:13:31.403Z"}
{"level":"info","message":"Emitting dataUpdate event to clients","timestamp":"2024-02-02T08:13:35.287Z"}
{"level":"info","message":"Emitting dataUpdate event to clients","timestamp":"2024-02-02T08:13:35.428Z"}
{"level":"info","message":"Emitting dataUpdate event to clients","timestamp":"2024-02-02T08:19:26.552Z"}
{"level":"info","message":"Emitting dataUpdate event to clients","timestamp":"2024-02-02T08:19:26.678Z"}
{"level":"info","message":"Emitting dataUpdate event to clients","timestamp":"2024-02-02T09:38:48.742Z"}
{"level":"info","message":"Emitting dataUpdate event to clients","timestamp":"2024-02-02T09:38:58.584Z"}
{"level":"info","message":"Emitting dataUpdate event to clients","timestamp":"2024-02-03T05:34:23.262Z"}
{"level":"info","message":"Emitting dataUpdate event to clients","timestamp":"2024-02-03T05:34:28.378Z"}
{"level":"info","message":"Emitting dataUpdate event to clients","timestamp":"2024-02-03T05:34:30.615Z"}
{"level":"info","message":"Emitting dataUpdate event to clients","timestamp":"2024-02-03T05:42:59.948Z"}
{"level":"info","message":"Emitting dataUpdate event to clients","timestamp":"2024-02-03T05:45:20.804Z"}
{"level":"info","message":"Emitting dataUpdate event to clients","timestamp":"2024-02-03T07:12:27.617Z"}
{"level":"info","message":"Emitting dataUpdate event to clients","timestamp":"2024-02-03T07:12:40.585Z"}
{"level":"info","message":"Emitting dataUpdate event to clients","timestamp":"2024-02-03T07:12:58.414Z"}
{"level":"info","message":"Emitting dataUpdate event to clients","timestamp":"2024-02-03T07:13:04.166Z"}
{"level":"info","message":"Emitting dataUpdate event to clients","timestamp":"2024-02-03T07:13:06.400Z"}
{"level":"info","message":"Emitting dataUpdate event to clients","timestamp":"2024-02-03T10:34:55.325Z"}
{"level":"info","message":"Emitting dataUpdate event to clients","timestamp":"2024-02-03T10:35:07.898Z"}
{"level":"info","message":"Emitting dataUpdate event to clients","timestamp":"2024-02-03T12:12:02.166Z"}
{"level":"info","message":"Emitting dataUpdate event to clients","timestamp":"2024-02-03T12:12:42.965Z"}
{"level":"info","message":"Emitting dataUpdate event to clients","timestamp":"2024-02-03T12:14:58.838Z"}
{"level":"info","message":"Emitting dataUpdate event to clients","timestamp":"2024-02-03T12:16:53.905Z"}
{"level":"info","message":"Emitting dataUpdate event to clients","timestamp":"2024-02-03T12:17:46.373Z"}
{"level":"info","message":"Emitting dataUpdate event to clients","timestamp":"2024-02-03T12:17:50.856Z"}
{"level":"info","message":"Emitting dataUpdate event to clients","timestamp":"2024-02-03T12:39:25.839Z"}
{"level":"info","message":"Emitting dataUpdate event to clients","timestamp":"2024-02-03T12:39:32.183Z"}
{"level":"info","message":"Emitting dataUpdate event to clients","timestamp":"2024-02-03T12:39:33.720Z"}
{"level":"info","message":"Emitting dataUpdate event to clients","timestamp":"2024-02-03T12:40:05.887Z"}
{"level":"info","message":"Emitting dataUpdate event to clients","timestamp":"2024-02-03T12:40:31.751Z"}
{"level":"info","message":"Emitting dataUpdate event to clients","timestamp":"2024-02-03T12:46:59.100Z"}
{"level":"info","message":"Emitting dataUpdate event to clients","timestamp":"2024-02-03T12:47:06.307Z"}
{"level":"info","message":"Emitting dataUpdate event to clients","timestamp":"2024-02-04T10:57:22.920Z"}
{"level":"info","message":"Emitting dataUpdate event to clients","timestamp":"2024-02-04T10:57:30.154Z"}
{"level":"info","message":"Emitting dataUpdate event to clients","timestamp":"2024-02-04T10:57:34.906Z"}
{"level":"info","message":"Emitting dataUpdate event to clients","timestamp":"2024-02-04T10:57:46.080Z"}
{"level":"info","message":"Emitting dataUpdate event to clients","timestamp":"2024-02-04T10:57:53.769Z"}
{"level":"info","message":"Emitting dataUpdate event to clients","timestamp":"2024-02-04T10:58:02.059Z"}
{"level":"info","message":"Emitting dataUpdate event to clients","timestamp":"2024-02-04T10:58:12.197Z"}
{"level":"info","message":"Emitting dataUpdate event to clients","timestamp":"2024-02-04T10:58:19.783Z"}
{"level":"info","message":"Emitting dataUpdate event to clients","timestamp":"2024-02-04T10:58:24.357Z"}
{"level":"info","message":"Emitting dataUpdate event to clients","timestamp":"2024-02-04T14:24:22.138Z"}
{"level":"info","message":"Emitting dataUpdate event to clients","timestamp":"2024-02-04T14:27:21.810Z"}
{"level":"info","message":"Emitting dataUpdate event to clients","timestamp":"2024-02-04T14:29:13.237Z"}
{"level":"info","message":"Emitting dataUpdate event to clients","timestamp":"2024-02-04T14:29:22.814Z"}
{"level":"info","message":"Emitting dataUpdate event to clients","timestamp":"2024-02-04T14:29:48.613Z"}
{"level":"info","message":"Emitting dataUpdate event to clients","timestamp":"2024-02-04T14:29:55.453Z"}
{"level":"info","message":"Emitting dataUpdate event to clients","timestamp":"2024-02-04T14:30:07.100Z"}
{"level":"info","message":"Emitting dataUpdate event to clients","timestamp":"2024-02-04T14:30:14.843Z"}
{"level":"info","message":"Emitting dataUpdate event to clients","timestamp":"2024-02-04T14:34:31.633Z"}
{"level":"info","message":"Emitting dataUpdate event to clients","timestamp":"2024-02-04T14:35:12.078Z"}
{"level":"info","message":"Emitting dataUpdate event to clients","timestamp":"2024-02-04T14:35:28.125Z"}
{"level":"info","message":"Emitting dataUpdate event to clients","timestamp":"2024-02-04T14:35:38.386Z"}
{"level":"info","message":"Emitting dataUpdate event to clients","timestamp":"2024-02-04T14:47:38.374Z"}
{"level":"info","message":"Emitting dataUpdate event to clients","timestamp":"2024-02-04T14:47:46.349Z"}
{"level":"info","message":"Emitting dataUpdate event to clients","timestamp":"2024-02-04T14:47:52.228Z"}
{"level":"info","message":"Emitting dataUpdate event to clients","timestamp":"2024-02-04T14:55:36.426Z"}
{"level":"info","message":"Emitting dataUpdate event to clients","timestamp":"2024-02-04T16:47:02.203Z"}
{"level":"info","message":"Emitting dataUpdate event to clients","timestamp":"2024-02-04T16:47:04.107Z"}
{"level":"info","message":"Emitting dataUpdate event to clients","timestamp":"2024-02-04T16:48:04.750Z"}
{"level":"info","message":"Emitting dataUpdate event to clients","timestamp":"2024-02-04T16:48:09.884Z"}
{"level":"info","message":"Emitting dataUpdate event to clients","timestamp":"2024-02-04T16:48:11.706Z"}
{"level":"info","message":"Emitting dataUpdate event to clients","timestamp":"2024-02-04T17:01:29.354Z"}
{"level":"info","message":"Emitting dataUpdate event to clients","timestamp":"2024-02-04T17:01:35.999Z"}
{"level":"info","message":"Emitting dataUpdate event to clients","timestamp":"2024-02-04T17:01:37.746Z"}
{"level":"info","message":"Emitting dataUpdate event to clients","timestamp":"2024-02-04T17:12:16.271Z"}
{"level":"info","message":"Emitting dataUpdate event to clients","timestamp":"2024-02-04T17:12:21.874Z"}
{"level":"info","message":"Emitting dataUpdate event to clients","timestamp":"2024-02-04T17:12:36.563Z"}
{"level":"info","message":"Emitting dataUpdate event to clients","timestamp":"2024-02-04T17:19:03.563Z"}
{"level":"info","message":"Emitting dataUpdate event to clients","timestamp":"2024-02-05T05:02:46.295Z"}
{"level":"info","message":"Emitting dataUpdate event to clients","timestamp":"2024-02-05T05:02:51.331Z"}
{"level":"info","message":"Emitting dataUpdate event to clients","timestamp":"2024-02-05T05:02:52.675Z"}
{"level":"info","message":"Emitting dataUpdate event to clients","timestamp":"2024-02-05T05:02:58.494Z"}
{"level":"info","message":"Emitting dataUpdate event to clients","timestamp":"2024-02-05T05:02:59.938Z"}
{"level":"info","message":"Emitting dataUpdate event to clients","timestamp":"2024-02-05T05:03:07.353Z"}
{"level":"info","message":"Emitting dataUpdate event to clients","timestamp":"2024-02-05T05:03:16.838Z"}
{"level":"info","message":"Emitting dataUpdate event to clients","timestamp":"2024-02-05T05:03:59.733Z"}
{"level":"info","message":"Emitting dataUpdate event to clients","timestamp":"2024-02-05T05:19:44.390Z"}
{"level":"info","message":"Emitting dataUpdate event to clients","timestamp":"2024-02-05T05:20:09.187Z"}
{"level":"info","message":"Emitting dataUpdate event to clients","timestamp":"2024-02-05T05:21:00.910Z"}
{"level":"info","message":"Emitting dataUpdate event to clients","timestamp":"2024-02-05T05:21:14.378Z"}
{"level":"info","message":"Emitting dataUpdate event to clients","timestamp":"2024-02-05T05:21:16.265Z"}
{"level":"info","message":"Emitting dataUpdate event to clients","timestamp":"2024-02-05T05:21:26.081Z"}
{"level":"info","message":"Emitting dataUpdate event to clients","timestamp":"2024-02-05T05:21:28.010Z"}
{"level":"info","message":"Emitting dataUpdate event to clients","timestamp":"2024-02-05T05:21:29.500Z"}
{"level":"info","message":"Emitting dataUpdate event to clients","timestamp":"2024-02-05T05:22:36.780Z"}
{"level":"info","message":"Emitting dataUpdate event to clients","timestamp":"2024-02-05T05:22:42.179Z"}
{"level":"info","message":"Emitting dataUpdate event to clients","timestamp":"2024-02-05T05:22:45.125Z"}
{"level":"info","message":"Emitting dataUpdate event to clients","timestamp":"2024-02-05T05:22:48.670Z"}
{"level":"info","message":"Emitting dataUpdate event to clients","timestamp":"2024-02-05T05:23:04.156Z"}
{"level":"info","message":"Emitting dataUpdate event to clients","timestamp":"2024-02-05T05:23:12.204Z"}
{"level":"info","message":"Emitting dataUpdate event to clients","timestamp":"2024-02-05T05:23:14.028Z"}
{"level":"info","message":"Emitting dataUpdate event to clients","timestamp":"2024-02-05T05:23:18.590Z"}
{"level":"info","message":"Emitting dataUpdate event to clients","timestamp":"2024-02-05T05:23:20.872Z"}
{"level":"info","message":"Emitting dataUpdate event to clients","timestamp":"2024-02-05T05:23:26.397Z"}
{"level":"info","message":"Emitting dataUpdate event to clients","timestamp":"2024-02-05T05:23:32.869Z"}
{"level":"info","message":"Emitting dataUpdate event to clients","timestamp":"2024-02-05T05:24:55.456Z"}
{"level":"info","message":"Emitting dataUpdate event to clients","timestamp":"2024-02-05T05:48:24.964Z"}
{"level":"info","message":"Emitting dataUpdate event to clients","timestamp":"2024-02-05T05:48:30.948Z"}
{"level":"info","message":"Emitting dataUpdate event to clients","timestamp":"2024-02-05T05:48:32.461Z"}
{"level":"info","message":"Emitting dataUpdate event to clients","timestamp":"2024-02-05T05:54:22.913Z"}
{"level":"info","message":"Emitting dataUpdate event to clients","timestamp":"2024-02-05T05:59:50.567Z"}
{"level":"info","message":"Emitting dataUpdate event to clients","timestamp":"2024-02-05T06:00:55.985Z"}
{"level":"info","message":"Emitting dataUpdate event to clients","timestamp":"2024-02-05T06:03:43.311Z"}
{"level":"info","message":"Emitting dataUpdate event to clients","timestamp":"2024-02-05T06:03:51.731Z"}
{"level":"info","message":"Emitting dataUpdate event to clients","timestamp":"2024-02-05T06:08:34.227Z"}
{"level":"info","message":"Emitting dataUpdate event to clients","timestamp":"2024-02-05T06:12:17.619Z"}
{"level":"info","message":"Emitting dataUpdate event to clients","timestamp":"2024-02-05T06:14:07.122Z"}
{"level":"info","message":"Emitting dataUpdate event to clients","timestamp":"2024-02-05T06:16:57.064Z"}
{"level":"info","message":"Emitting dataUpdate event to clients","timestamp":"2024-02-05T06:17:02.706Z"}
{"level":"info","message":"Emitting dataUpdate event to clients","timestamp":"2024-02-05T06:19:03.607Z"}
{"level":"info","message":"Emitting dataUpdate event to clients","timestamp":"2024-02-05T06:22:11.414Z"}
{"level":"info","message":"Emitting dataUpdate event to clients","timestamp":"2024-02-05T06:24:42.076Z"}
{"level":"info","message":"Emitting dataUpdate event to clients","timestamp":"2024-02-05T06:26:11.651Z"}
{"level":"info","message":"Emitting dataUpdate event to clients","timestamp":"2024-02-05T06:26:15.528Z"}
{"level":"info","message":"Emitting dataUpdate event to clients","timestamp":"2024-02-05T06:26:31.446Z"}
{"level":"info","message":"Emitting dataUpdate event to clients","timestamp":"2024-02-05T06:28:39.361Z"}
{"level":"info","message":"Emitting dataUpdate event to clients","timestamp":"2024-02-05T06:30:25.571Z"}
{"level":"info","message":"Emitting dataUpdate event to clients","timestamp":"2024-02-05T06:35:22.136Z"}
{"level":"info","message":"Emitting dataUpdate event to clients","timestamp":"2024-02-05T06:36:34.882Z"}
{"level":"info","message":"Emitting dataUpdate event to clients","timestamp":"2024-02-05T06:43:24.610Z"}
{"level":"info","message":"Emitting dataUpdate event to clients","timestamp":"2024-02-05T06:43:36.202Z"}
{"level":"info","message":"Emitting dataUpdate event to clients","timestamp":"2024-02-05T06:43:41.126Z"}
{"level":"info","message":"Emitting dataUpdate event to clients","timestamp":"2024-02-05T06:43:42.870Z"}
{"level":"info","message":"Emitting dataUpdate event to clients","timestamp":"2024-02-05T06:43:44.999Z"}
{"level":"info","message":"Emitting dataUpdate event to clients","timestamp":"2024-02-05T06:43:46.106Z"}
{"level":"info","message":"Emitting dataUpdate event to clients","timestamp":"2024-02-05T06:43:48.744Z"}
{"level":"info","message":"Emitting dataUpdate event to clients","timestamp":"2024-02-05T06:43:52.500Z"}
{"level":"info","message":"Emitting dataUpdate event to clients","timestamp":"2024-02-05T06:44:04.551Z"}
{"level":"info","message":"Emitting dataUpdate event to clients","timestamp":"2024-02-05T06:49:55.970Z"}
{"level":"info","message":"Emitting dataUpdate event to clients","timestamp":"2024-02-05T06:50:05.628Z"}
{"level":"info","message":"Emitting dataUpdate event to clients","timestamp":"2024-02-05T06:51:56.157Z"}
{"level":"info","message":"Emitting dataUpdate event to clients","timestamp":"2024-02-05T06:51:59.259Z"}
{"level":"info","message":"Emitting dataUpdate event to clients","timestamp":"2024-02-05T06:52:05.396Z"}
{"level":"info","message":"Emitting dataUpdate event to clients","timestamp":"2024-02-05T06:52:09.152Z"}
{"level":"info","message":"Emitting dataUpdate event to clients","timestamp":"2024-02-05T06:52:12.340Z"}
{"level":"info","message":"Emitting dataUpdate event to clients","timestamp":"2024-02-05T06:52:17.320Z"}
{"level":"info","message":"Emitting dataUpdate event to clients","timestamp":"2024-02-05T06:52:25.582Z"}
{"level":"info","message":"Emitting dataUpdate event to clients","timestamp":"2024-02-05T06:52:27.254Z"}
{"level":"info","message":"Emitting dataUpdate event to clients","timestamp":"2024-02-05T06:55:02.552Z"}
{"level":"info","message":"Emitting dataUpdate event to clients","timestamp":"2024-02-05T06:55:07.011Z"}
{"level":"info","message":"Emitting dataUpdate event to clients","timestamp":"2024-02-05T06:55:10.665Z"}
{"level":"info","message":"Emitting dataUpdate event to clients","timestamp":"2024-02-05T06:55:15.165Z"}
{"level":"info","message":"Emitting dataUpdate event to clients","timestamp":"2024-02-05T06:55:21.499Z"}
{"level":"info","message":"Emitting dataUpdate event to clients","timestamp":"2024-02-05T06:55:25.438Z"}
{"level":"info","message":"Emitting dataUpdate event to clients","timestamp":"2024-02-05T06:56:02.825Z"}
{"level":"info","message":"Emitting dataUpdate event to clients","timestamp":"2024-02-05T06:56:07.707Z"}
{"level":"info","message":"Emitting dataUpdate event to clients","timestamp":"2024-02-05T06:56:12.598Z"}
{"level":"info","message":"Emitting dataUpdate event to clients","timestamp":"2024-02-05T06:57:29.481Z"}
{"level":"info","message":"Emitting dataUpdate event to clients","timestamp":"2024-02-05T06:57:36.355Z"}
{"level":"info","message":"Emitting dataUpdate event to clients","timestamp":"2024-02-05T06:57:41.947Z"}
{"level":"info","message":"Emitting dataUpdate event to clients","timestamp":"2024-02-05T06:57:47.043Z"}
{"level":"info","message":"Emitting dataUpdate event to clients","timestamp":"2024-02-05T06:57:50.972Z"}
{"level":"info","message":"Emitting dataUpdate event to clients","timestamp":"2024-02-05T07:02:52.274Z"}
{"level":"info","message":"Emitting dataUpdate event to clients","timestamp":"2024-02-05T07:02:55.002Z"}
{"level":"info","message":"Emitting dataUpdate event to clients","timestamp":"2024-02-05T07:05:49.492Z"}
{"level":"info","message":"Emitting dataUpdate event to clients","timestamp":"2024-02-05T07:11:18.748Z"}
{"level":"info","message":"Emitting dataUpdate event to clients","timestamp":"2024-02-05T07:11:21.324Z"}
{"level":"info","message":"Emitting dataUpdate event to clients","timestamp":"2024-02-05T07:22:44.786Z"}
{"level":"info","message":"Emitting dataUpdate event to clients","timestamp":"2024-02-05T07:25:57.162Z"}
{"level":"info","message":"Emitting dataUpdate event to clients","timestamp":"2024-02-05T07:38:21.746Z"}
{"level":"info","message":"Emitting dataUpdate event to clients","timestamp":"2024-02-05T07:38:22.787Z"}
{"level":"info","message":"Emitting dataUpdate event to clients","timestamp":"2024-02-05T07:38:26.177Z"}
{"level":"info","message":"Emitting dataUpdate event to clients","timestamp":"2024-02-05T07:38:32.111Z"}
{"level":"info","message":"Emitting dataUpdate event to clients","timestamp":"2024-02-05T07:41:40.674Z"}
{"level":"info","message":"Emitting dataUpdate event to clients","timestamp":"2024-02-05T07:43:19.181Z"}
{"level":"info","message":"Emitting dataUpdate event to clients","timestamp":"2024-02-06T12:51:27.651Z"}
{"level":"info","message":"Emitting dataUpdate event to clients","timestamp":"2024-02-06T12:51:31.234Z"}
{"level":"info","message":"Emitting dataUpdate event to clients","timestamp":"2024-02-06T12:51:35.462Z"}
{"level":"info","message":"Emitting dataUpdate event to clients","timestamp":"2024-02-06T12:51:52.675Z"}
{"level":"info","message":"Emitting dataUpdate event to clients","timestamp":"2024-02-06T12:52:18.209Z"}
{"level":"info","message":"Emitting dataUpdate event to clients","timestamp":"2024-02-06T12:52:39.195Z"}
{"level":"info","message":"Emitting dataUpdate event to clients","timestamp":"2024-02-06T12:55:02.123Z"}
{"level":"info","message":"Emitting dataUpdate event to clients","timestamp":"2024-02-06T12:56:45.334Z"}
{"level":"info","message":"Emitting dataUpdate event to clients","timestamp":"2024-02-06T12:56:58.016Z"}
{"level":"info","message":"Emitting dataUpdate event to clients","timestamp":"2024-02-06T12:57:04.422Z"}
{"level":"info","message":"Emitting dataUpdate event to clients","timestamp":"2024-02-06T12:57:10.872Z"}
{"level":"info","message":"Emitting dataUpdate event to clients","timestamp":"2024-02-06T12:57:18.741Z"}
{"level":"info","message":"Emitting dataUpdate event to clients","timestamp":"2024-02-06T12:58:37.545Z"}
{"level":"info","message":"Emitting dataUpdate event to clients","timestamp":"2024-02-13T12:41:29.097Z"}
{"level":"info","message":"Emitting dataUpdate event to clients","timestamp":"2024-02-13T12:43:12.212Z"}
{"level":"info","message":"Emitting dataUpdate event to clients","timestamp":"2024-02-13T12:43:17.522Z"}
{"level":"info","message":"Emitting dataUpdate event to clients","timestamp":"2024-02-13T12:43:57.796Z"}
{"level":"info","message":"Emitting dataUpdate event to clients","timestamp":"2024-02-13T12:45:30.055Z"}
{"level":"info","message":"Emitting dataUpdate event to clients","timestamp":"2024-02-14T10:23:29.733Z"}
{"level":"info","message":"Emitting dataUpdate event to clients","timestamp":"2024-02-14T10:23:39.557Z"}
{"level":"info","message":"Emitting dataUpdate event to clients","timestamp":"2024-02-14T10:23:40.736Z"}
{"level":"info","message":"Emitting dataUpdate event to clients","timestamp":"2024-02-14T10:24:05.050Z"}
{"level":"info","message":"Emitting dataUpdate event to clients","timestamp":"2024-02-14T10:24:06.583Z"}
{"level":"info","message":"Emitting dataUpdate event to clients","timestamp":"2024-02-14T10:24:15.692Z"}
{"level":"info","message":"Emitting dataUpdate event to clients","timestamp":"2024-02-14T10:24:17.946Z"}
{"level":"info","message":"Emitting dataUpdate event to clients","timestamp":"2024-02-14T10:28:34.594Z"}
{"level":"info","message":"Emitting dataUpdate event to clients","timestamp":"2024-02-14T10:28:40.797Z"}
{"level":"info","message":"Emitting dataUpdate event to clients","timestamp":"2024-02-14T10:30:18.692Z"}
{"level":"info","message":"Emitting dataUpdate event to clients","timestamp":"2024-02-14T10:30:28.768Z"}
{"level":"info","message":"Emitting dataUpdate event to clients","timestamp":"2024-02-14T10:30:31.387Z"}
{"level":"info","message":"Emitting dataUpdate event to clients","timestamp":"2024-02-14T10:30:42.549Z"}
{"level":"info","message":"Emitting dataUpdate event to clients","timestamp":"2024-02-14T10:30:43.985Z"}
{"level":"info","message":"Emitting dataUpdate event to clients","timestamp":"2024-02-14T10:31:02.006Z"}
{"level":"info","message":"Emitting dataUpdate event to clients","timestamp":"2024-02-14T10:31:11.351Z"}
